Determining if the function sgemm_ exists failed with the following output:
Change Dir: /mnt/c/Users/Johan/Documents/GIT/Asynchronous-Value-Iteration/cpp_backend/build/CMakeFiles/CMakeTmp

Run Build Command(s):/usr/bin/make cmTC_e5282/fast && make[2]: Entering directory '/mnt/c/Users/Johan/Documents/GIT/Asynchronous-Value-Iteration/cpp_backend/build/CMakeFiles/CMakeTmp'
/usr/bin/make -f CMakeFiles/cmTC_e5282.dir/build.make CMakeFiles/cmTC_e5282.dir/build
make[3]: Entering directory '/mnt/c/Users/Johan/Documents/GIT/Asynchronous-Value-Iteration/cpp_backend/build/CMakeFiles/CMakeTmp'
Building C object CMakeFiles/cmTC_e5282.dir/CheckFunctionExists.c.o
/usr/bin/cc   -DCHECK_FUNCTION_EXISTS=sgemm_   -o CMakeFiles/cmTC_e5282.dir/CheckFunctionExists.c.o   -c /usr/share/cmake-3.16/Modules/CheckFunctionExists.c
Linking C executable cmTC_e5282
/usr/bin/cmake -E cmake_link_script CMakeFiles/cmTC_e5282.dir/link.txt --verbose=1
/usr/bin/cc  -DCHECK_FUNCTION_EXISTS=sgemm_    -rdynamic CMakeFiles/cmTC_e5282.dir/CheckFunctionExists.c.o  -o cmTC_e5282 
/usr/bin/ld: CMakeFiles/cmTC_e5282.dir/CheckFunctionExists.c.o: in function `main':
CheckFunctionExists.c:(.text+0x14): undefined reference to `sgemm_'
collect2: error: ld returned 1 exit status
make[3]: *** [CMakeFiles/cmTC_e5282.dir/build.make:87: cmTC_e5282] Error 1
make[3]: Leaving directory '/mnt/c/Users/Johan/Documents/GIT/Asynchronous-Value-Iteration/cpp_backend/build/CMakeFiles/CMakeTmp'
make[2]: *** [Makefile:121: cmTC_e5282/fast] Error 2
make[2]: Leaving directory '/mnt/c/Users/Johan/Documents/GIT/Asynchronous-Value-Iteration/cpp_backend/build/CMakeFiles/CMakeTmp'



Performing C SOURCE FILE Test CMAKE_HAVE_LIBC_PTHREAD failed with the following output:
Change Dir: /mnt/c/Users/Johan/Documents/GIT/Asynchronous-Value-Iteration/cpp_backend/build/CMakeFiles/CMakeTmp

Run Build Command(s):/usr/bin/make cmTC_aca0f/fast && make[2]: Entering directory '/mnt/c/Users/Johan/Documents/GIT/Asynchronous-Value-Iteration/cpp_backend/build/CMakeFiles/CMakeTmp'
/usr/bin/make -f CMakeFiles/cmTC_aca0f.dir/build.make CMakeFiles/cmTC_aca0f.dir/build
make[3]: Entering directory '/mnt/c/Users/Johan/Documents/GIT/Asynchronous-Value-Iteration/cpp_backend/build/CMakeFiles/CMakeTmp'
Building C object CMakeFiles/cmTC_aca0f.dir/src.c.o
/usr/bin/cc   -DCMAKE_HAVE_LIBC_PTHREAD   -o CMakeFiles/cmTC_aca0f.dir/src.c.o   -c /mnt/c/Users/Johan/Documents/GIT/Asynchronous-Value-Iteration/cpp_backend/build/CMakeFiles/CMakeTmp/src.c
Linking C executable cmTC_aca0f
/usr/bin/cmake -E cmake_link_script CMakeFiles/cmTC_aca0f.dir/link.txt --verbose=1
/usr/bin/cc  -DCMAKE_HAVE_LIBC_PTHREAD    -rdynamic CMakeFiles/cmTC_aca0f.dir/src.c.o  -o cmTC_aca0f 
/usr/bin/ld: CMakeFiles/cmTC_aca0f.dir/src.c.o: in function `main':
src.c:(.text+0x46): undefined reference to `pthread_create'
/usr/bin/ld: src.c:(.text+0x52): undefined reference to `pthread_detach'
/usr/bin/ld: src.c:(.text+0x63): undefined reference to `pthread_join'
collect2: error: ld returned 1 exit status
make[3]: *** [CMakeFiles/cmTC_aca0f.dir/build.make:87: cmTC_aca0f] Error 1
make[3]: Leaving directory '/mnt/c/Users/Johan/Documents/GIT/Asynchronous-Value-Iteration/cpp_backend/build/CMakeFiles/CMakeTmp'
make[2]: *** [Makefile:121: cmTC_aca0f/fast] Error 2
make[2]: Leaving directory '/mnt/c/Users/Johan/Documents/GIT/Asynchronous-Value-Iteration/cpp_backend/build/CMakeFiles/CMakeTmp'


Source file was:
#include <pthread.h>

void* test_func(void* data)
{
  return data;
}

int main(void)
{
  pthread_t thread;
  pthread_create(&thread, NULL, test_func, NULL);
  pthread_detach(thread);
  pthread_join(thread, NULL);
  pthread_atfork(NULL, NULL, NULL);
  pthread_exit(NULL);

  return 0;
}

Determining if the function pthread_create exists in the pthreads failed with the following output:
Change Dir: /mnt/c/Users/Johan/Documents/GIT/Asynchronous-Value-Iteration/cpp_backend/build/CMakeFiles/CMakeTmp

Run Build Command(s):/usr/bin/make cmTC_f47af/fast && make[2]: Entering directory '/mnt/c/Users/Johan/Documents/GIT/Asynchronous-Value-Iteration/cpp_backend/build/CMakeFiles/CMakeTmp'
/usr/bin/make -f CMakeFiles/cmTC_f47af.dir/build.make CMakeFiles/cmTC_f47af.dir/build
make[3]: Entering directory '/mnt/c/Users/Johan/Documents/GIT/Asynchronous-Value-Iteration/cpp_backend/build/CMakeFiles/CMakeTmp'
Building C object CMakeFiles/cmTC_f47af.dir/CheckFunctionExists.c.o
/usr/bin/cc   -DCHECK_FUNCTION_EXISTS=pthread_create   -o CMakeFiles/cmTC_f47af.dir/CheckFunctionExists.c.o   -c /usr/share/cmake-3.16/Modules/CheckFunctionExists.c
Linking C executable cmTC_f47af
/usr/bin/cmake -E cmake_link_script CMakeFiles/cmTC_f47af.dir/link.txt --verbose=1
/usr/bin/cc  -DCHECK_FUNCTION_EXISTS=pthread_create    -rdynamic CMakeFiles/cmTC_f47af.dir/CheckFunctionExists.c.o  -o cmTC_f47af  -lpthreads 
/usr/bin/ld: cannot find -lpthreads
collect2: error: ld returned 1 exit status
make[3]: *** [CMakeFiles/cmTC_f47af.dir/build.make:87: cmTC_f47af] Error 1
make[3]: Leaving directory '/mnt/c/Users/Johan/Documents/GIT/Asynchronous-Value-Iteration/cpp_backend/build/CMakeFiles/CMakeTmp'
make[2]: *** [Makefile:121: cmTC_f47af/fast] Error 2
make[2]: Leaving directory '/mnt/c/Users/Johan/Documents/GIT/Asynchronous-Value-Iteration/cpp_backend/build/CMakeFiles/CMakeTmp'



Determining if the function LAPACKE_dgeqrf exists failed with the following output:
Change Dir: /mnt/c/Users/Johan/Documents/GIT/Asynchronous-Value-Iteration/cpp_backend/build/CMakeFiles/CMakeTmp

Run Build Command(s):/usr/bin/make cmTC_e6737/fast && make[2]: Entering directory '/mnt/c/Users/Johan/Documents/GIT/Asynchronous-Value-Iteration/cpp_backend/build/CMakeFiles/CMakeTmp'
/usr/bin/make -f CMakeFiles/cmTC_e6737.dir/build.make CMakeFiles/cmTC_e6737.dir/build
make[3]: Entering directory '/mnt/c/Users/Johan/Documents/GIT/Asynchronous-Value-Iteration/cpp_backend/build/CMakeFiles/CMakeTmp'
Building C object CMakeFiles/cmTC_e6737.dir/CheckFunctionExists.c.o
/usr/bin/cc   -DCHECK_FUNCTION_EXISTS=LAPACKE_dgeqrf   -o CMakeFiles/cmTC_e6737.dir/CheckFunctionExists.c.o   -c /usr/share/cmake-3.16/Modules/CheckFunctionExists.c
Linking C executable cmTC_e6737
/usr/bin/cmake -E cmake_link_script CMakeFiles/cmTC_e6737.dir/link.txt --verbose=1
/usr/bin/cc  -DCHECK_FUNCTION_EXISTS=LAPACKE_dgeqrf    -rdynamic CMakeFiles/cmTC_e6737.dir/CheckFunctionExists.c.o  -o cmTC_e6737  /usr/lib/x86_64-linux-gnu/libopenblas.so 
/usr/bin/ld: CMakeFiles/cmTC_e6737.dir/CheckFunctionExists.c.o: in function `main':
CheckFunctionExists.c:(.text+0x14): undefined reference to `LAPACKE_dgeqrf'
collect2: error: ld returned 1 exit status
make[3]: *** [CMakeFiles/cmTC_e6737.dir/build.make:88: cmTC_e6737] Error 1
make[3]: Leaving directory '/mnt/c/Users/Johan/Documents/GIT/Asynchronous-Value-Iteration/cpp_backend/build/CMakeFiles/CMakeTmp'
make[2]: *** [Makefile:121: cmTC_e6737/fast] Error 2
make[2]: Leaving directory '/mnt/c/Users/Johan/Documents/GIT/Asynchronous-Value-Iteration/cpp_backend/build/CMakeFiles/CMakeTmp'



